[    0.000000] Linux version 4.15.0-101-generic (buildd@lgw01-amd64-003) (gcc version 7.5.0 (Ubuntu 7.5.0-3ubuntu1~18.04)) #102-Ubuntu SMP Mon May 11 10:07:26 UTC 2020 (Ubuntu 4.15.0-101.102-generic 4.15.18)
[    0.000000] Command line: BOOT_IMAGE=/boot/vmlinuz-4.15.0-101-generic root=LABEL=cloudimg-rootfs ro console=tty1 console=ttyS0
[    0.000000] KERNEL supported cpus:
[    0.000000]   Intel GenuineIntel
[    0.000000]   AMD AuthenticAMD
[    0.000000]   Centaur CentaurHauls
[    0.000000] x86/fpu: Supporting XSAVE feature 0x001: 'x87 floating point registers'
[    0.000000] x86/fpu: Supporting XSAVE feature 0x002: 'SSE registers'
[    0.000000] x86/fpu: Supporting XSAVE feature 0x004: 'AVX registers'
[    0.000000] x86/fpu: xstate_offset[2]:  576, xstate_sizes[2]:  256
[    0.000000] x86/fpu: Enabled xstate features 0x7, context size is 832 bytes, using 'standard' format.
[    0.000000] e820: BIOS-provided physical RAM map:
[    0.000000] BIOS-e820: [mem 0x0000000000000000-0x000000000009fbff] usable
[    0.000000] BIOS-e820: [mem 0x000000000009fc00-0x000000000009ffff] reserved
[    0.000000] BIOS-e820: [mem 0x00000000000f0000-0x00000000000fffff] reserved
[    0.000000] BIOS-e820: [mem 0x0000000000100000-0x000000003ffeffff] usable
[    0.000000] BIOS-e820: [mem 0x000000003fff0000-0x000000003fffffff] ACPI data
[    0.000000] BIOS-e820: [mem 0x00000000fec00000-0x00000000fec00fff] reserved
[    0.000000] BIOS-e820: [mem 0x00000000fee00000-0x00000000fee00fff] reserved
[    0.000000] BIOS-e820: [mem 0x00000000fffc0000-0x00000000ffffffff] reserved
[    0.000000] NX (Execute Disable) protection: active
[    0.000000] SMBIOS 2.5 present.
[    0.000000] DMI: innotek GmbH VirtualBox/VirtualBox, BIOS VirtualBox 12/01/2006
[    0.000000] Hypervisor detected: KVM
[    0.000000] e820: last_pfn = 0x3fff0 max_arch_pfn = 0x400000000
[    0.000000] MTRR: Disabled
[    0.000000] x86/PAT: MTRRs disabled, skipping PAT initialization too.
[    0.000000] CPU MTRRs all blank - virtualized system.
[    0.000000] x86/PAT: Configuration [0-7]: WB  WT  UC- UC  WB  WT  UC- UC  
[    0.000000] found SMP MP-table at [mem 0x0009fff0-0x0009ffff]
[    0.000000] Scanning 1 areas for low memory corruption
[    0.000000] RAMDISK: [mem 0x35a6b000-0x36d2cfff]
[    0.000000] ACPI: Early table checksum verification disabled
[    0.000000] ACPI: RSDP 0x00000000000E0000 000024 (v02 VBOX  )
[    0.000000] ACPI: XSDT 0x000000003FFF0030 00003C (v01 VBOX   VBOXXSDT 00000001 ASL  00000061)
[    0.000000] ACPI: FACP 0x000000003FFF00F0 0000F4 (v04 VBOX   VBOXFACP 00000001 ASL  00000061)
[    0.000000] ACPI: DSDT 0x000000003FFF0470 002325 (v02 VBOX   VBOXBIOS 00000002 INTL 20100528)
[    0.000000] ACPI: FACS 0x000000003FFF0200 000040
[    0.000000] ACPI: FACS 0x000000003FFF0200 000040
[    0.000000] ACPI: APIC 0x000000003FFF0240 00005C (v02 VBOX   VBOXAPIC 00000001 ASL  00000061)
[    0.000000] ACPI: SSDT 0x000000003FFF02A0 0001CC (v01 VBOX   VBOXCPUT 00000002 INTL 20100528)
[    0.000000] No NUMA configuration found
[    0.000000] Faking a node at [mem 0x0000000000000000-0x000000003ffeffff]
[    0.000000] NODE_DATA(0) allocated [mem 0x3ffc5000-0x3ffeffff]
[    0.000000] kvm-clock: cpu 0, msr 0:3ff44001, primary cpu clock
[    0.000000] kvm-clock: Using msrs 4b564d01 and 4b564d00
[    0.000000] kvm-clock: using sched offset of 4569708175 cycles
[    0.000000] clocksource: kvm-clock: mask: 0xffffffffffffffff max_cycles: 0x1cd42e4dffb, max_idle_ns: 881590591483 ns
[    0.000000] Zone ranges:
[    0.000000]   DMA      [mem 0x0000000000001000-0x0000000000ffffff]
[    0.000000]   DMA32    [mem 0x0000000001000000-0x000000003ffeffff]
[    0.000000]   Normal   empty
[    0.000000]   Device   empty
[    0.000000] Movable zone start for each node
[    0.000000] Early memory node ranges
[    0.000000]   node   0: [mem 0x0000000000001000-0x000000000009efff]
[    0.000000]   node   0: [mem 0x0000000000100000-0x000000003ffeffff]
[    0.000000] Reserved but unavailable: 98 pages
[    0.000000] Initmem setup node 0 [mem 0x0000000000001000-0x000000003ffeffff]
[    0.000000] ACPI: PM-Timer IO Port: 0x4008
[    0.000000] IOAPIC[0]: apic_id 2, version 32, address 0xfec00000, GSI 0-23
[    0.000000] ACPI: INT_SRC_OVR (bus 0 bus_irq 0 global_irq 2 dfl dfl)
[    0.000000] ACPI: INT_SRC_OVR (bus 0 bus_irq 9 global_irq 9 low level)
[    0.000000] Using ACPI (MADT) for SMP configuration information
[    0.000000] smpboot: Allowing 2 CPUs, 0 hotplug CPUs
[    0.000000] PM: Registered nosave memory: [mem 0x00000000-0x00000fff]
[    0.000000] PM: Registered nosave memory: [mem 0x0009f000-0x0009ffff]
[    0.000000] PM: Registered nosave memory: [mem 0x000a0000-0x000effff]
[    0.000000] PM: Registered nosave memory: [mem 0x000f0000-0x000fffff]
[    0.000000] e820: [mem 0x40000000-0xfebfffff] available for PCI devices
[    0.000000] Booting paravirtualized kernel on KVM
[    0.000000] clocksource: refined-jiffies: mask: 0xffffffff max_cycles: 0xffffffff, max_idle_ns: 7645519600211568 ns
[    0.000000] random: get_random_bytes called from start_kernel+0x99/0x4fd with crng_init=0
[    0.000000] setup_percpu: NR_CPUS:8192 nr_cpumask_bits:2 nr_cpu_ids:2 nr_node_ids:1
[    0.000000] percpu: Embedded 45 pages/cpu s147456 r8192 d28672 u1048576
[    0.000000] PV qspinlock hash table entries: 256 (order: 0, 4096 bytes)
[    0.000000] Built 1 zonelists, mobility grouping on.  Total pages: 257913
[    0.000000] Policy zone: DMA32
[    0.000000] Kernel command line: BOOT_IMAGE=/boot/vmlinuz-4.15.0-101-generic root=LABEL=cloudimg-rootfs ro console=tty1 console=ttyS0
[    0.000000] Memory: 983060K/1048120K available (12300K kernel code, 2481K rwdata, 4268K rodata, 2432K init, 2712K bss, 65060K reserved, 0K cma-reserved)
[    0.000000] SLUB: HWalign=64, Order=0-3, MinObjects=0, CPUs=2, Nodes=1
[    0.000000] Kernel/User page tables isolation: enabled
[    0.000000] ftrace: allocating 39364 entries in 154 pages
[    0.004000] Hierarchical RCU implementation.
[    0.004000] 	RCU restricting CPUs from NR_CPUS=8192 to nr_cpu_ids=2.
[    0.004000] 	Tasks RCU enabled.
[    0.004000] RCU: Adjusting geometry for rcu_fanout_leaf=16, nr_cpu_ids=2
[    0.004000] NR_IRQS: 524544, nr_irqs: 440, preallocated irqs: 16
[    0.004000] Console: colour VGA+ 80x25
[    0.004000] console [tty1] enabled
[    0.004000] console [ttyS0] enabled
[    0.004000] ACPI: Core revision 20170831
[    0.004000] ACPI: 2 ACPI AML tables successfully acquired and loaded
[    0.004000] APIC: Switch to symmetric I/O mode setup
[    0.004000] x2apic enabled
[    0.004000] Switched APIC routing to physical x2apic.
[    0.005922] ..TIMER: vector=0x30 apic1=0 pin1=2 apic2=-1 pin2=-1
[    0.008003] tsc: Detected 2303.998 MHz processor
[    0.012009] Calibrating delay loop (skipped) preset value.. 4607.99 BogoMIPS (lpj=9215992)
[    0.014307] pid_max: default: 32768 minimum: 301
[    0.016110] Security Framework initialized
[    0.017559] Yama: becoming mindful.
[    0.018600] AppArmor: AppArmor initialized
[    0.024000] Dentry cache hash table entries: 131072 (order: 8, 1048576 bytes)
[    0.024099] Inode-cache hash table entries: 65536 (order: 7, 524288 bytes)
[    0.028015] Mount-cache hash table entries: 2048 (order: 2, 16384 bytes)
[    0.029825] Mountpoint-cache hash table entries: 2048 (order: 2, 16384 bytes)
[    0.032322] Last level iTLB entries: 4KB 128, 2MB 8, 4MB 8
[    0.033710] Last level dTLB entries: 4KB 64, 2MB 0, 4MB 0, 1GB 4
[    0.036004] Spectre V1 : Mitigation: usercopy/swapgs barriers and __user pointer sanitization
[    0.038358] Spectre V2 : Mitigation: Full generic retpoline
[    0.040002] Spectre V2 : Spectre v2 / SpectreRSB mitigation: Filling RSB on context switch
[    0.042302] Speculative Store Bypass: Vulnerable
[    0.043666] MDS: Mitigation: Clear CPU buffers
[    0.044321] Freeing SMP alternatives memory: 36K
[    0.157239] smpboot: CPU0: Intel(R) Core(TM) i5-6300HQ CPU @ 2.30GHz (family: 0x6, model: 0x5e, stepping: 0x3)
[    0.160000] Performance Events: unsupported p6 CPU model 94 no PMU driver, software events only.
[    0.160043] Hierarchical SRCU implementation.
[    0.164982] NMI watchdog: Perf event create on CPU 0 failed with -2
[    0.167039] NMI watchdog: Perf NMI watchdog permanently disabled
[    0.168083] smp: Bringing up secondary CPUs ...
[    0.169607] x86: Booting SMP configuration:
[    0.172003] .... node  #0, CPUs:      #1
[    0.004000] kvm-clock: cpu 1, msr 0:3ff44041, secondary cpu clock
[    0.176020] smp: Brought up 1 node, 2 CPUs
[    0.177234] smpboot: Max logical packages: 1
[    0.180008] smpboot: Total of 2 processors activated (9215.99 BogoMIPS)
[    0.182209] devtmpfs: initialized
[    0.184058] x86/mm: Memory block size: 128MB
[    0.186997] evm: security.selinux
[    0.188008] evm: security.SMACK64
[    0.189275] evm: security.SMACK64EXEC
[    0.190535] evm: security.SMACK64TRANSMUTE
[    0.192002] evm: security.SMACK64MMAP
[    0.193035] evm: security.apparmor
[    0.193950] evm: security.ima
[    0.194893] evm: security.capability
[    0.196132] clocksource: jiffies: mask: 0xffffffff max_cycles: 0xffffffff, max_idle_ns: 7645041785100000 ns
[    0.198479] futex hash table entries: 512 (order: 3, 32768 bytes)
[    0.204044] pinctrl core: initialized pinctrl subsystem
[    0.206690] RTC time:  2:00:08, date: 05/22/20
[    0.208194] NET: Registered protocol family 16
[    0.209795] audit: initializing netlink subsys (disabled)
[    0.212056] audit: type=2000 audit(1590112813.991:1): state=initialized audit_enabled=0 res=1
[    0.216013] cpuidle: using governor ladder
[    0.217231] cpuidle: using governor menu
[    0.218511] ACPI: bus type PCI registered
[    0.220003] acpiphp: ACPI Hot Plug PCI Controller Driver version: 0.5
[    0.221928] PCI: Using configuration type 1 for base access
[    0.225353] HugeTLB registered 2.00 MiB page size, pre-allocated 0 pages
[    0.225941] ACPI: Added _OSI(Module Device)
[    0.228010] ACPI: Added _OSI(Processor Device)
[    0.229338] ACPI: Added _OSI(3.0 _SCP Extensions)
[    0.230675] ACPI: Added _OSI(Processor Aggregator Device)
[    0.232039] ACPI: Added _OSI(Linux-Dell-Video)
[    0.233385] ACPI: Added _OSI(Linux-Lenovo-NV-HDMI-Audio)
[    0.236058] ACPI: Added _OSI(Linux-HPI-Hybrid-Graphics)
[    0.238340] ACPI: Executed 1 blocks of module-level executable AML code
[    0.246683] ACPI: Interpreter enabled
[    0.247799] ACPI: (supports S0 S5)
[    0.248002] ACPI: Using IOAPIC for interrupt routing
[    0.249898] PCI: Using host bridge windows from ACPI; if necessary, use "pci=nocrs" and report a bug
[    0.252309] ACPI: Enabled 2 GPEs in block 00 to 07
[    0.264572] ACPI: PCI Root Bridge [PCI0] (domain 0000 [bus 00-ff])
[    0.266447] acpi PNP0A03:00: _OSC: OS supports [ASPM ClockPM Segments MSI]
[    0.268763] acpi PNP0A03:00: _OSC: not requesting OS control; OS requires [ExtendedConfig ASPM ClockPM MSI]
[    0.272013] acpi PNP0A03:00: fail to add MMCONFIG information, can't access extended PCI configuration space under this bridge.
[    0.275573] PCI host bridge to bus 0000:00
[    0.276004] pci_bus 0000:00: root bus resource [io  0x0000-0x0cf7 window]
[    0.277667] pci_bus 0000:00: root bus resource [io  0x0d00-0xffff window]
[    0.280002] pci_bus 0000:00: root bus resource [mem 0x000a0000-0x000bffff window]
[    0.282066] pci_bus 0000:00: root bus resource [mem 0x40000000-0xfdffffff window]
[    0.284002] pci_bus 0000:00: root bus resource [bus 00-ff]
[    0.288740] pci 0000:00:01.1: legacy IDE quirk: reg 0x10: [io  0x01f0-0x01f7]
[    0.290753] pci 0000:00:01.1: legacy IDE quirk: reg 0x14: [io  0x03f6]
[    0.292005] pci 0000:00:01.1: legacy IDE quirk: reg 0x18: [io  0x0170-0x0177]
[    0.293957] pci 0000:00:01.1: legacy IDE quirk: reg 0x1c: [io  0x0376]
[    0.313434] pci 0000:00:07.0: quirk: [io  0x4000-0x403f] claimed by PIIX4 ACPI
[    0.315528] pci 0000:00:07.0: quirk: [io  0x4100-0x410f] claimed by PIIX4 SMB
[    0.329541] ACPI: PCI Interrupt Link [LNKA] (IRQs 5 9 10 *11)
[    0.331734] ACPI: PCI Interrupt Link [LNKB] (IRQs 5 9 *10 11)
[    0.332175] ACPI: PCI Interrupt Link [LNKC] (IRQs 5 *9 10 11)
[    0.333953] ACPI: PCI Interrupt Link [LNKD] (IRQs 5 9 10 *11)
[    0.337120] SCSI subsystem initialized
[    0.338396] pci 0000:00:02.0: vgaarb: setting as boot VGA device
[    0.338396] pci 0000:00:02.0: vgaarb: VGA device added: decodes=io+mem,owns=io+mem,locks=none
[    0.340012] pci 0000:00:02.0: vgaarb: bridge control possible
[    0.344002] vgaarb: loaded
[    0.344780] ACPI: bus type USB registered
[    0.345840] usbcore: registered new interface driver usbfs
[    0.348012] usbcore: registered new interface driver hub
[    0.349382] usbcore: registered new device driver usb
[    0.351053] EDAC MC: Ver: 3.0.0
[    0.352393] PCI: Using ACPI for IRQ routing
[    0.353620] NetLabel: Initializing
[    0.356002] NetLabel:  domain hash size = 128
[    0.357241] NetLabel:  protocols = UNLABELED CIPSOv4 CALIPSO
[    0.358950] NetLabel:  unlabeled traffic allowed by default
[    0.360094] clocksource: Switched to clocksource kvm-clock
[    0.388245] VFS: Disk quotas dquot_6.6.0
[    0.389792] VFS: Dquot-cache hash table entries: 512 (order 0, 4096 bytes)
[    0.391795] AppArmor: AppArmor Filesystem Enabled
[    0.393331] pnp: PnP ACPI init
[    0.395935] pnp: PnP ACPI: found 3 devices
[    0.407954] clocksource: acpi_pm: mask: 0xffffff max_cycles: 0xffffff, max_idle_ns: 2085701024 ns
[    0.410479] NET: Registered protocol family 2
[    0.411873] TCP established hash table entries: 8192 (order: 4, 65536 bytes)
[    0.415038] TCP bind hash table entries: 8192 (order: 5, 131072 bytes)
[    0.417208] TCP: Hash tables configured (established 8192 bind 8192)
[    0.419323] UDP hash table entries: 512 (order: 2, 16384 bytes)
[    0.421016] UDP-Lite hash table entries: 512 (order: 2, 16384 bytes)
[    0.422771] NET: Registered protocol family 1
[    0.423898] pci 0000:00:00.0: Limiting direct PCI/PCI transfers
[    0.425439] pci 0000:00:01.0: Activating ISA DMA hang workarounds
[    0.427091] pci 0000:00:02.0: Video device with shadowed ROM at [mem 0x000c0000-0x000dffff]
[    0.429370] Unpacking initramfs...
[    0.876870] Freeing initrd memory: 19208K
[    0.878031] clocksource: tsc: mask: 0xffffffffffffffff max_cycles: 0x2135f5e6f15, max_idle_ns: 440795231538 ns
[    0.880745] platform rtc_cmos: registered platform RTC device (no PNP device found)
[    0.882732] Scanning for low memory corruption every 60 seconds
[    0.885156] Initialise system trusted keyrings
[    0.886317] Key type blacklist registered
[    0.887499] workingset: timestamp_bits=36 max_order=18 bucket_order=0
[    0.890400] zbud: loaded
[    0.891728] squashfs: version 4.0 (2009/01/31) Phillip Lougher
[    0.893424] fuse init (API version 7.26)
[    0.896977] Key type asymmetric registered
[    0.898119] Asymmetric key parser 'x509' registered
[    0.899435] Block layer SCSI generic (bsg) driver version 0.4 loaded (major 246)
[    0.901572] io scheduler noop registered
[    0.902616] io scheduler deadline registered
[    0.903746] io scheduler cfq registered (default)
[    0.905324] ACPI: AC Adapter [AC] (on-line)
[    0.906513] input: Power Button as /devices/LNXSYSTM:00/LNXPWRBN:00/input/input0
[    0.908437] ACPI: Power Button [PWRF]
[    0.909478] input: Sleep Button as /devices/LNXSYSTM:00/LNXSLPBN:00/input/input1
[    0.911325] ACPI: Sleep Button [SLPF]
[    0.913717] ACPI: Battery Slot [BAT0] (battery present)
[    0.915088] Serial: 8250/16550 driver, 32 ports, IRQ sharing enabled
[    0.937738] 00:02: ttyS0 at I/O 0x3f8 (irq = 4, base_baud = 115200) is a 16550A
[    0.942859] Linux agpgart interface v0.103
[    0.950891] loop: module loaded
[    0.952761] scsi host0: ata_piix
[    0.953915] scsi host1: ata_piix
[    0.954850] ata1: PATA max UDMA/33 cmd 0x1f0 ctl 0x3f6 bmdma 0xd000 irq 14
[    0.956580] ata2: PATA max UDMA/33 cmd 0x170 ctl 0x376 bmdma 0xd008 irq 15
[    0.958739] libphy: Fixed MDIO Bus: probed
[    0.959861] tun: Universal TUN/TAP device driver, 1.6
[    0.961562] PPP generic driver version 2.4.2
[    0.962809] ehci_hcd: USB 2.0 'Enhanced' Host Controller (EHCI) Driver
[    0.964528] ehci-pci: EHCI PCI platform driver
[    0.965721] ehci-platform: EHCI generic platform driver
[    0.967077] ohci_hcd: USB 1.1 'Open' Host Controller (OHCI) Driver
[    0.968757] ohci-pci: OHCI PCI platform driver
[    0.969967] ohci-platform: OHCI generic platform driver
[    0.971298] uhci_hcd: USB Universal Host Controller Interface driver
[    0.973004] i8042: PNP: PS/2 Controller [PNP0303:PS2K,PNP0f03:PS2M] at 0x60,0x64 irq 1,12
[    0.975643] serio: i8042 KBD port at 0x60,0x64 irq 1
[    0.977009] serio: i8042 AUX port at 0x60,0x64 irq 12
[    0.978615] mousedev: PS/2 mouse device common for all mice
[    0.980875] input: AT Translated Set 2 keyboard as /devices/platform/i8042/serio0/input/input2
[    0.983612] rtc_cmos rtc_cmos: rtc core: registered rtc_cmos as rtc0
[    0.985508] rtc_cmos rtc_cmos: alarms up to one day, 114 bytes nvram
[    0.987099] i2c /dev entries driver
[    0.988178] device-mapper: uevent: version 1.0.3
[    0.989757] device-mapper: ioctl: 4.37.0-ioctl (2017-09-20) initialised: dm-devel@redhat.com
[    0.992047] ledtrig-cpu: registered to indicate activity on CPUs
[    0.994017] NET: Registered protocol family 10
[    0.999717] Segment Routing with IPv6
[    1.000969] NET: Registered protocol family 17
[    1.002241] Key type dns_resolver registered
[    1.003923] mce: Using 0 MCE banks
[    1.005762] RAS: Correctable Errors collector initialized.
[    1.007217] sched_clock: Marking stable (1005730426, 0)->(1270780291, -265049865)
[    1.010205] registered taskstats version 1
[    1.011308] Loading compiled-in X.509 certificates
[    1.015694] Loaded X.509 cert 'Build time autogenerated kernel key: 81757e40860ca54b8a45e323b66799c03c91a344'
[    1.018595] zswap: loaded using pool lzo/zbud
[    1.024201] Key type big_key registered
[    1.025282] Key type trusted registered
[    1.028454] Key type encrypted registered
[    1.029593] AppArmor: AppArmor sha1 policy hashing enabled
[    1.030965] ima: No TPM chip found, activating TPM-bypass! (rc=-19)
[    1.032629] ima: Allocated hash algorithm: sha1
[    1.033878] evm: HMAC attrs: 0x1
[    1.035546]   Magic number: 4:816:5
[    1.036845] rtc_cmos rtc_cmos: setting system clock to 2020-05-22 02:00:08 UTC (1590112808)
[    1.039518] BIOS EDD facility v0.16 2004-Jun-25, 0 devices found
[    1.041052] EDD information not available.
[    1.147273] Freeing unused kernel image memory: 2432K
[    1.160063] Write protecting the kernel read-only data: 20480k
[    1.162237] Freeing unused kernel image memory: 2008K
[    1.165696] Freeing unused kernel image memory: 1876K
[    1.180990] x86/mm: Checked W+X mappings: passed, no W+X pages found.
[    1.183017] x86/mm: Checking user space page tables
[    1.199644] x86/mm: Checked W+X mappings: passed, no W+X pages found.
Loading, please wait...
starting version 237
[    1.302778] Fusion MPT base driver 3.04.20
[    1.307855] Copyright (c) 1999-2008 LSI Corporation
[    1.341579] Fusion MPT SPI Host driver 3.04.20
[    1.352476] mptbase: ioc0: Initiating bringup
[    1.357288] e1000: Intel(R) PRO/1000 Network Driver - version 7.3.21-k8-NAPI
[    1.359169] e1000: Copyright (c) 1999-2006 Intel Corporation.
[    1.365776] AVX2 version of gcm_enc/dec engaged.
[    1.368567] AES CTR mode by8 optimization enabled
[    1.456483] ioc0: LSI53C1030 A0: Capabilities={Initiator}
[    1.541992] input: ImExPS/2 Generic Explorer Mouse as /devices/platform/i8042/serio1/input/input4
[    1.699158] scsi host2: ioc0: LSI53C1030 A0, FwRev=00000000h, Ports=1, MaxQ=256, IRQ=20
[    1.868881] scsi 2:0:0:0: Direct-Access     VBOX     HARDDISK         1.0  PQ: 0 ANSI: 5
[    1.904054] scsi target2:0:0: Beginning Domain Validation
[    1.929005] scsi target2:0:0: Domain Validation skipping write tests
[    1.930907] scsi target2:0:0: Ending Domain Validation
[    1.932659] scsi target2:0:0: asynchronous
[    1.960347] scsi 2:0:1:0: Direct-Access     VBOX     HARDDISK         1.0  PQ: 0 ANSI: 5
[    1.999841] scsi target2:0:1: Beginning Domain Validation
[    2.003557] random: fast init done
[    2.006005] scsi target2:0:1: Domain Validation skipping write tests
[    2.008009] scsi target2:0:1: Ending Domain Validation
[    2.009862] scsi target2:0:1: asynchronous
[    2.022763] sd 2:0:0:0: Attached scsi generic sg0 type 0
[    2.025049] sd 2:0:0:0: [sda] 20971520 512-byte logical blocks: (10.7 GB/10.0 GiB)
[    2.026615] random: systemd-udevd: uninitialized urandom read (16 bytes read)
[    2.027754] sd 2:0:1:0: Attached scsi generic sg1 type 0
[    2.029543] random: systemd-udevd: uninitialized urandom read (16 bytes read)
[    2.031096] sd 2:0:0:0: [sda] Write Protect is off
[    2.034989] sd 2:0:1:0: [sdb] 20480 512-byte logical blocks: (10.5 MB/10.0 MiB)
[    2.037359] sd 2:0:0:0: [sda] Incomplete mode parameter data
[    2.038771] random: systemd-udevd: uninitialized urandom read (16 bytes read)
[    2.039196] sd 2:0:0:0: [sda] Assuming drive cache: write through
[    2.043706] sd 2:0:1:0: [sdb] Write Protect is off
[    2.046218] sd 2:0:1:0: [sdb] Incomplete mode parameter data
[    2.048472] sd 2:0:1:0: [sdb] Assuming drive cache: write through
[    2.052520]  sda: sda1
[    2.054768] sd 2:0:0:0: [sda] Attached SCSI disk
[    2.057398] sd 2:0:1:0: [sdb] Attached SCSI disk
[    2.387014] e1000 0000:00:03.0 eth0: (PCI:33MHz:32-bit) 02:b8:b0:53:1b:74
[    2.390321] e1000 0000:00:03.0 eth0: Intel(R) PRO/1000 Network Connection
[    2.394143] e1000 0000:00:03.0 enp0s3: renamed from eth0
Begin: Loading essential drivers ... [    4.416530] raid6: sse2x1   gen()  7686 MB/s
[    4.464371] raid6: sse2x1   xor()  6376 MB/s
[    4.512033] raid6: sse2x2   gen() 10753 MB/s
[    4.560100] raid6: sse2x2   xor()  7853 MB/s
[    4.608222] raid6: sse2x4   gen() 13128 MB/s
[    4.656302] raid6: sse2x4   xor()  7835 MB/s
[    4.706428] raid6: avx2x1   gen() 17306 MB/s
[    4.752112] raid6: avx2x1   xor() 12425 MB/s
[    4.800228] raid6: avx2x2   gen() 20048 MB/s
[    4.848298] raid6: avx2x2   xor() 14376 MB/s
[    4.896390] raid6: avx2x4   gen() 24818 MB/s
[    4.944021] raid6: avx2x4   xor() 14235 MB/s
[    4.945365] raid6: using algorithm avx2x4 gen() 24818 MB/s
[    4.946807] raid6: .... xor() 14235 MB/s, rmw enabled
[    4.948338] raid6: using avx2x2 recovery algorithm
[    4.951174] xor: automatically using best checksumming function   avx       
[    4.954918] async_tx: api initialized (async)
done.
Begin: Running /scripts/init-premount ... done.
Begin: Mounting root file system ... Begin: Running /scripts/local-top ... done.
Begin: Running /scripts/local-premount ... [    5.013762] Btrfs loaded, crc32c=crc32c-intel
Scanning for Btrfs filesystems
done.
Warning: fsck not present, so skipping root file system
[    5.058326] EXT4-fs (sda1): mounted filesystem with ordered data mode. Opts: (null)
done.
Begin: Running /scripts/local-bottom ... done.
Begin: Running /scripts/init-bottom ... done.
[    5.300074] ip_tables: (C) 2000-2006 Netfilter Core Team
[    5.314953] systemd[1]: systemd 237 running in system mode. (+PAM +AUDIT +SELINUX +IMA +APPARMOR +SMACK +SYSVINIT +UTMP +LIBCRYPTSETUP +GCRYPT +GNUTLS +ACL +XZ +LZ4 +SECCOMP +BLKID +ELFUTILS +KMOD -IDN2 +IDN -PCRE2 default-hierarchy=hybrid)
[    5.320732] systemd[1]: Detected virtualization oracle.
[    5.322171] systemd[1]: Detected architecture x86-64.

Welcome to [1mUbuntu 18.04.4 LTS[0m!

[    5.330805] systemd[1]: Set hostname to <ubuntu>.
[    5.338689] systemd[1]: Initializing machine ID from random generator.
[    5.340531] systemd[1]: Installed transient /etc/machine-id file.
[    5.678804] systemd[1]: Reached target User and Group Name Lookups.
[[0;32m  OK  [0m] Reached target User and Group Name Lookups.
[    5.681852] systemd[1]: Set up automount Arbitrary Executable File Formats File System Automount Point.
[[0;32m  OK  [0m] Set up automount Arbitrary Executab…rmats File System Automount Point.
[    5.688084] systemd[1]: Created slice System Slice.
[[0;32m  OK  [0m] Created slice System Slice.
[    5.690815] systemd[1]: Created slice system-serial\x2dgetty.slice.
[[0;32m  OK  [0m] Created slice system-serial\x2dgetty.slice.
[[0;32m  OK  [0m] Listening on Network Service Netlink Socket.
[[0;32m  OK  [0m] Listening on /dev/initctl Compatibility Named Pipe.
[[0;32m  OK  [0m] Listening on Journal Socket.
         Mounting Kernel Debug File System...
         Starting Set the console keyboard layout...
[[0;32m  OK  [0m] Listening on Syslog Socket.
[[0;32m  OK  [0m] Created slice User and Session Slice.
[[0;32m  OK  [0m] Reached target Slices.
[[0;32m  OK  [0m] Listening on udev Control Socket.
[[0;32m  OK  [0m] Listening on Device-mapper event daemon FIFOs.
[[0;32m  OK  [0m] Started Forward Password Requests to Wall Directory Watch.
[[0;32m  OK  [0m] Listening on udev Kernel Socket.
         Starting Create list of required st…ce nodes for the current kernel...
[[0;32m  OK  [0m] Listening on LVM2 poll daemon socket.
         Starting Load Kernel Modules...
[[0;32m  OK  [0m] Listening on Journal Audit Socket.
[[0;32m  OK  [0m] Listening on Journal Socket (/dev/log).
         Starting Journal Service...
         Starting Remount Root and Kernel File Systems...
         Mounting POSIX Message Queue File System...
         Mounting Huge Pages File System...
[[0;32m  OK  [0m] Reached target System Time Synchronized.
[[0;32m  OK  [0m] Listening on LVM2 metadata daemon socket.
         Starting Monitoring of LVM2 mirrors…ng dmeventd or progress polling...
[[0;32m  OK  [0m] Reached target Swap.
         Starting udev Coldplug all Devices...
         Starting Uncomplicated firewall...
[[0;32m  OK  [0m] Mounted Kernel Debug File System.
[[0;32m  OK  [0m] Started Create list of required sta…vice nodes for the current kernel.
[    5.773674] Loading iSCSI transport class v2.0-870.
[[0;32m  OK  [0m] Mounted POSIX Message Queue File System.
[[0;32m  OK  [0m] Mounted Huge Pages File System.
         Starting Create Static Device Nodes in /dev...
[    5.786235] iscsi: registered transport (tcp)
[    5.808525] iscsi: registered transport (iser)
[[0;32m  OK  [0m] Started Load Kernel Modules.
         Starting Apply Kernel Variables...
         Mounting FUSE Control File System...
         Mounting Kernel Configuration File System...
[[0;32m  OK  [0m] Mounted FUSE Control File System.
[[0;32m  OK  [0m] Mounted Kernel Configuration File System.
[[0;32m  OK  [0m] Started LVM2 metadata daemon.
[[0;32m  OK  [0m] Started Uncomplicated firewall.
[    5.878716] EXT4-fs (sda1): re-mounted. Opts: (null)
[[0;32m  OK  [0m] Started Remount Root and Kernel File Systems.
         Starting Load/Save Random Seed...
[[0;32m  OK  [0m] Started Journal Service.
         Starting Flush Journal to Persistent Storage...
[[0;32m  OK  [0m] Started Load/Save Random Seed.
[[0;32m  OK  [0m] Started Monitoring of LVM2 mirrors,…sing dmeventd or progress polling.
[[0;32m  OK  [0m] Started udev Coldplug all Devices.
[[0;32m  OK  [0m] Started Apply Kernel Variables.
[[0;32m  OK  [0m] Started Create Static Device Nodes in /dev.
         Starting udev Kernel Device Manager...
[[0;32m  OK  [0m] Started Set the console keyboard layout.
[[0;32m  OK  [0m] Reached target Local File Systems (Pre).
[[0;32m  OK  [0m] Reached target Local File Systems.
         Starting Commit a transient machine-id on disk...
         Starting Tell Plymouth To Write Out Runtime Data...
         Starting Set console font and keymap...
         Starting ebtables ruleset management...
         Starting AppArmor initialization...
[[0;32m  OK  [0m] Started Tell Plymouth To Write Out Runtime Data.
[[0;32m  OK  [0m] Started Flush Journal to Persistent Storage.
         Starting Create Volatile Files and Directories...
[[0;32m  OK  [0m] Started Set console font and keymap.
[[0;32m  OK  [0m] Started udev Kernel Device Manager.
[[0;32m  OK  [0m] Started Dispatch Password Requests to Console Directory Watch.
[[0;32m  OK  [0m] Reached target Local Encrypted Volumes.
[[0;32m  OK  [0m] Started Commit a transient machine-id on disk.
[[0;32m  OK  [0m] Started Create Volatile Files and Directories.
         Starting Update UTMP about System Boot/Shutdown...
[[0;32m  OK  [0m] Started Update UTMP about System Boot/Shutdown.
[[0;32m  OK  [0m] Started ebtables ruleset management.
[[0;32m  OK  [0m] Found device /dev/ttyS0.
[[0;32m  OK  [0m] Listening on Load/Save RF Kill Switch Status /dev/rfkill Watch.
[[0;32m  OK  [0m] Started AppArmor initialization.
         Starting Initial cloud-init job (pre-networking)...
[    9.795645] cloud-init[542]: Cloud-init v. 19.4-33-gbb4131a2-0ubuntu1~18.04.1 running 'init-local' at Fri, 22 May 2020 02:00:16 +0000. Up 9.22 seconds.
[[0;32m  OK  [0m] Started Initial cloud-init job (pre-networking).
[[0;32m  OK  [0m] Reached target Network (Pre).
         Starting Network Service...
[[0;32m  OK  [0m] Started Network Service.
         Starting Wait for Network to be Configured...
         Starting Network Name Resolution...
[[0;32m  OK  [0m] Started Network Name Resolution.
[[0;32m  OK  [0m] Reached target Network.
[[0;32m  OK  [0m] Reached target Host and Network Name Lookups.
[[0;32m  OK  [0m] Started Wait for Network to be Configured.
         Starting Initial cloud-init job (metadata service crawler)...
[   12.155528] cloud-init[662]: Cloud-init v. 19.4-33-gbb4131a2-0ubuntu1~18.04.1 running 'init' at Fri, 22 May 2020 02:00:19 +0000. Up 11.87 seconds.
[   12.158568] cloud-init[662]: ci-info: ++++++++++++++++++++++++++++++++++++++Net device info++++++++++++++++++++++++++++++++++++++
[   12.160827] cloud-init[662]: ci-info: +--------+------+----------------------------+---------------+--------+-------------------+
[   12.163045] cloud-init[662]: ci-info: | Device |  Up  |          Address           |      Mask     | Scope  |     Hw-Address    |
[   12.165782] cloud-init[662]: ci-info: +--------+------+----------------------------+---------------+--------+-------------------+
[   12.168316] cloud-init[662]: ci-info: | enp0s3 | True |         10.0.2.15          | 255.255.255.0 | global | 02:b8:b0:53:1b:74 |
[   12.170451] cloud-init[662]: ci-info: | enp0s3 | True | fe80::b8:b0ff:fe53:1b74/64 |       .       |  link  | 02:b8:b0:53:1b:74 |
[   12.172754] cloud-init[662]: ci-info: |   lo   | True |         127.0.0.1          |   255.0.0.0   |  host  |         .         |
[   12.176729] cloud-init[662]: ci-info: |   lo   | True |          ::1/128           |       .       |  host  |         .         |
[   12.179548] cloud-init[662]: ci-info: +--------+------+----------------------------+---------------+--------+-------------------+
[   12.181976] cloud-init[662]: ci-info: ++++++++++++++++++++++++++++Route IPv4 info+++++++++++++++++++++++++++++
[   12.183943] cloud-init[662]: ci-info: +-------+-------------+----------+-----------------+-----------+-------+
[   12.185910] cloud-init[662]: ci-info: | Route | Destination | Gateway  |     Genmask     | Interface | Flags |
[   12.188347] cloud-init[662]: ci-info: +-------+-------------+----------+-----------------+-----------+-------+
[   12.190286] cloud-init[662]: ci-info: |   0   |   0.0.0.0   | 10.0.2.2 |     0.0.0.0     |   enp0s3  |   UG  |
[   12.192635] cloud-init[662]: ci-info: |   1   |   10.0.2.0  | 0.0.0.0  |  255.255.255.0  |   enp0s3  |   U   |
[   12.195522] cloud-init[662]: ci-info: |   2   |   10.0.2.2  | 0.0.0.0  | 255.255.255.255 |   enp0s3  |   UH  |
[   12.197396] cloud-init[662]: ci-info: +-------+-------------+----------+-----------------+-----------+-------+
[   12.198904] cloud-init[662]: ci-info: +++++++++++++++++++Route IPv6 info+++++++++++++++++++
[   12.212214] cloud-init[662]: ci-info: +-------+-------------+---------+-----------+-------+
[   12.214669] cloud-init[662]: ci-info: | Route | Destination | Gateway | Interface | Flags |
[   12.217446] cloud-init[662]: ci-info: +-------+-------------+---------+-----------+-------+
[   12.219096] cloud-init[662]: ci-info: |   1   |  fe80::/64  |    ::   |   enp0s3  |   U   |
[   12.221664] cloud-init[662]: ci-info: |   3   |    local    |    ::   |   enp0s3  |   U   |
[   12.223293] cloud-init[662]: ci-info: |   4   |   ff00::/8  |    ::   |   enp0s3  |   U   |
[   12.225124] cloud-init[662]: ci-info: +-------+-------------+---------+-----------+-------+
[   12.882218] cloud-init[662]: Generating public/private rsa key pair.
[   12.883717] cloud-init[662]: Your identification has been saved in /etc/ssh/ssh_host_rsa_key.
[   12.885591] cloud-init[662]: Your public key has been saved in /etc/ssh/ssh_host_rsa_key.pub.
[   12.887443] cloud-init[662]: The key fingerprint is:
[   12.888749] cloud-init[662]: SHA256:/k7AGGybz+hBLXL8GN7n5V6a+HJEtZVH9L7PdTZ4d3k root@ubuntu-bionic
[   12.890640] cloud-init[662]: The key's randomart image is:
[   12.891903] cloud-init[662]: +---[RSA 2048]----+
[   12.893083] cloud-init[662]: |               o+|
[   12.894269] cloud-init[662]: |     .        ..+|
[   12.895359] cloud-init[662]: |      +      . oo|
[   12.896613] cloud-init[662]: |     o B    . .. |
[   12.897900] cloud-init[662]: |    . X S  .    .|
[   12.899029] cloud-init[662]: |     = @ .  . . o|
[   12.900204] cloud-init[662]: |      = * o....=E|
[   12.901260] cloud-init[662]: |     . . =.+.+.oO|
[   12.902337] cloud-init[662]: |      .  .==*   o|
[   12.903397] cloud-init[662]: +----[SHA256]-----+
[   12.904534] cloud-init[662]: Generating public/private dsa key pair.
[   12.905985] cloud-init[662]: Your identification has been saved in /etc/ssh/ssh_host_dsa_key.
[   12.908500] cloud-init[662]: Your public key has been saved in /etc/ssh/ssh_host_dsa_key.pub.
[   12.910566] cloud-init[662]: The key fingerprint is:
[   12.912258] cloud-init[662]: SHA256:vO+7XicWim2eYH2zjJgLMS8ZcSubnGpG+oEDQyjlUQE root@ubuntu-bionic
[   12.915289] cloud-init[662]: The key's randomart image is:
[   12.916891] cloud-init[662]: +---[DSA 1024]----+
[   12.928331] cloud-init[662]: |  Eoo.           |
[   12.929443] cloud-init[662]: |.o .             |
[   12.931120] cloud-init[662]: |o..   . .        |
[   12.932275] cloud-init[662]: |o      + .       |
[   12.933375] cloud-init[662]: |o     = S   .    |
[   12.934433] cloud-init[662]: | o ... @ = . .   |
[   12.935457] cloud-init[662]: |  oo. O * = * .  |
[   12.936545] cloud-init[662]: |  ..oo + B B =   |
[   12.937612] cloud-init[662]: |   +o   ++Xoo    |
[   12.938681] cloud-init[662]: +----[SHA256]-----+
[   12.939748] cloud-init[662]: Generating public/private ecdsa key pair.
[   12.941156] cloud-init[662]: Your identification has been saved in /etc/ssh/ssh_host_ecdsa_key.
[   12.942844] cloud-init[662]: Your public key has been saved in /etc/ssh/ssh_host_ecdsa_key.pub.
[   12.944665] cloud-init[662]: The key fingerprint is:
[   12.945722] cloud-init[662]: SHA256://VPQgxUOgfZsrLYfMttaAueaRPvHD22FYPLZ26/WkU root@ubuntu-bionic
[   12.947489] cloud-init[662]: The key's randomart image is:
[   12.948758] cloud-init[662]: +---[ECDSA 256]---+
[   12.949850] cloud-init[662]: |            o+.  |
[   12.950839] cloud-init[662]: |           .oo.  |
[   12.951936] cloud-init[662]: |            +o. E|
[   12.953100] cloud-init[662]: |          . .=.. |
[   12.954163] cloud-init[[0;32m  OK  [0m] Started Initial cloud-init job (metadata service crawler).
[[0;32m  OK  [0m] Reached target Cloud-config availability.
[[0;32m  OK  [0m] Reached target System Initialization.
[662]: |        S+ o .oo.|
[[0;32m  OK  [0m] Started ACPI Events Check.
[   12.961416] [[0;32m  OK  [0m] Started Daily Cleanup of Temporary Directories.
[[0;32m  OK  [0m] Started Daily apt download activities.
[[0;32m  OK  [0m] Listening on UUID daemon activation socket.
cloud-init[662]: |        ..= oo. +|
[   12.965387] cloud-init[662]: |          o=.**+o|
[   12.965772] cloud-init[662]: |         .o**+BO |
[   12.966226] cloud-init[662]: |         .++=++oB|
[[0;32m  OK  [0m] Listening on Open-iSCSI iscsid Socket.
[   12.967889] cloud-init[662]: +----[SHA256]-----+
         Starting LXD - unix socket.
[[0;32m  OK  [0m] Started Daily apt upgrade and clean activities.
[   12.976612] cloud-init[662]: Generating public/private ed25519 key pair.
[   12.981817]          Starting Socket activation for snappy daemon.
[[0;32m  OK  [0m] Listening on D-Bus System Message Bus Socket.
[[0;32m  OK  [0m] Listening on ACPID Listen Socket.
[[0;32m  OK  [0m] Reached target Paths.
[[0;32m  OK  [0m] Started Discard unused blocks once a week.
[[0;32m  OK  [0m] Started Message of the Day.
[[0;32m  OK  [0m] Reached target Timers.
[[0;32m  OK  [0m] Reached target Network is Online.
cloud-init[[0;32m  OK  [0m] Reached target Remote File Systems (Pre).
[[0;32m  OK  [0m] Reached target Remote File Systems.
         Starting Availability of block devices...
[[0;32m  OK  [0m] Listening on LXD - unix socket.
[[0;32m  OK  [0m] Listening on Socket activation for snappy daemon.
[[0;32m  OK  [0m] Reached target Sockets.
[[0;32m  OK  [0m] Reached target Basic System.
         Starting Virtualbox guest utils...
[662]: Your identification has been saved in /etc/ssh/ssh_host_ed25519_key.
[   13.003090] cloud-init[662]: Your public key has been saved in /etc/ssh/ssh_host_ed25519_key.pub.
         Starting System Logging Service...
[   13.022548] cloud-init[662]: The key fingerprint is:
[   13.025623] cloud-init[662]: SHA256:A6ZBWTQ0RDyvxXvLqK0zU+u92IxcteAyO2sk1k60rSc root@ubuntu-bionic
[   13.036525] cloud-init[662]: The key's randomart image is:
[   13.037902] cloud-init[662]: +--[ED25519 256]--+
[   13.038980] cloud-init[662]: |    .OO          |
[   13.040098] cloud-init[662]: |   .. oo         |
[   13.041386] cloud-init[662]: |    . o+         |
[   13.042538] cloud-init[662]: |     + .=        |
[   13.043769] cloud-init[662]: |    .  =S+. .    |
[   13.048259] cloud-init[662]: |      + Booo .   |
[   13.050646] cloud-init[662]: |     . *o*o..    |
[   13.052442] cloud-init[662]: |      +oE@+      |
[   13.053670] [[0;32m  OK  [0m] Started irqbalance daemon.
cloud-init         Starting Pollinate to seed the pseudo random number generator...
[662]: |      oOO==.     |
         Starting LSB: automatic crash report generation...
[   13.074760] cloud-init[662]: +----[SHA256]-----+
[[0;32m  OK  [0m] Started Regular background program processing daemon.
[[0;32m  OK  [0m] Started Deferred execution scheduler.
         Starting Accounts Service...
         Starting Dispatcher daemon for systemd-networkd...
         Starting Permit User Sessions...
         Starting LXD - container startup/shutdown...
[[0;32m  OK  [0m] Started D-Bus System Message Bus.
[[0;32m  OK  [0m] Started FUSE filesystem for LXC.
         Starting LSB: Record successful boot for GRUB...
         Starting Login Service...
         Starting Snappy daemon...
[[0;32m  OK  [0m] Started System Logging Service.
[[0;32m  OK  [0m] Started Availability of block devices.
[[0;32m  OK  [0m] Started Permit User Sessions.
         Starting Terminate Plymouth Boot Screen...
         Starting Hold until boot process finishes up...
[[0;32m  OK  [0m] Started Hold until boot process finishes up.
         Starting Set console scheme...
[[0;32m  OK  [0m] Started Serial Getty on ttyS0.
[[0;32m  OK  [0m] Started Terminate Plymouth Boot Screen.
         Starting Authorization Manager...
[[0;32m  OK  [0m] Started Set console scheme.
[[0;32m  OK  [0m] Created slice system-getty.slice.
[[0;32m  OK  [0m] Started Getty on tty1.
[[0;32m  OK  [0m] Reached target Login Prompts.
[[0;32m  OK  [0m] Started Login Service.
[[0;32m  OK  [0m] Started Unattended Upgrades Shutdown.
[[0;32m  OK  [0m] Started LSB: automatic crash report generation.
[[0;32m  OK  [0m] Started LXD - container startup/shutdown.
[[0;32m  OK  [0m] Started Authorization Manager.
[[0;32m  OK  [0m] Started Accounts Service.
[[0;32m  OK  [0m] Started LSB: Record successful boot for GRUB.
[[0;32m  OK  [0m] Started Virtualbox guest utils.
[[0;32m  OK  [0m] Started Dispatcher daemon for systemd-networkd.
[[0;32m  OK  [0m] Started Snappy daemon.
         Starting Wait until snapd is fully seeded...
[[0;32m  OK  [0m] Started Pollinate to seed the pseudo random number generator.
         Starting OpenBSD Secure Shell server...
[[0;32m  OK  [0m] Started OpenBSD Secure Shell server.
[[0;32m  OK  [0m] Created slice User Slice of vagrant.
         Starting User Manager for UID 1000...
[[0;32m  OK  [0m] Started Session 1 of user vagrant.
[[0;32m  OK  [0m] Started User Manager for UID 1000.

Ubuntu 18.04.4 LTS ubuntu-bionic ttyS0

ubuntu-bionic login: [   20.864707] cloud-init[1332]: Cloud-init v. 19.4-33-gbb4131a2-0ubuntu1~18.04.1 running 'modules:config' at Fri, 22 May 2020 02:00:27 +0000. Up 20.25 seconds.
ci-info: no authorized SSH keys fingerprints found for user ubuntu.
<14>May 22 02:00:29 ec2: 
<14>May 22 02:00:29 ec2: #############################################################
<14>May 22 02:00:29 ec2: -----BEGIN SSH HOST KEY FINGERPRINTS-----
<14>May 22 02:00:29 ec2: 1024 SHA256:vO+7XicWim2eYH2zjJgLMS8ZcSubnGpG+oEDQyjlUQE root@ubuntu-bionic (DSA)
<14>May 22 02:00:29 ec2: 256 SHA256://VPQgxUOgfZsrLYfMttaAueaRPvHD22FYPLZ26/WkU root@ubuntu-bionic (ECDSA)
<14>May 22 02:00:29 ec2: 256 SHA256:A6ZBWTQ0RDyvxXvLqK0zU+u92IxcteAyO2sk1k60rSc root@ubuntu-bionic (ED25519)
<14>May 22 02:00:29 ec2: 2048 SHA256:/k7AGGybz+hBLXL8GN7n5V6a+HJEtZVH9L7PdTZ4d3k root@ubuntu-bionic (RSA)
<14>May 22 02:00:29 ec2: -----END SSH HOST KEY FINGERPRINTS-----
<14>May 22 02:00:29 ec2: #############################################################
-----BEGIN SSH HOST KEY KEYS-----
ecdsa-sha2-nistp256 AAAAE2VjZHNhLXNoYTItbmlzdHAyNTYAAAAIbmlzdHAyNTYAAABBBH3AqQn2VkUYn/nPXok+4Spp9o76daEdOxkSjhsWTuiYQGedA8JB7ULx8jZczL4bafoU1sM0Yhh2ie+9+gmDobw= root@ubuntu-bionic
ssh-ed25519 AAAAC3NzaC1lZDI1NTE5AAAAIDDThZ3wd0DZnUrnLXLtGMSiDG9HvuxtnWq+WPqPEBjS root@ubuntu-bionic
ssh-rsa AAAAB3NzaC1yc2EAAAADAQABAAABAQDulD5xDdKVIplzEMk1dERyydZ6+87yzJ3QcZjFBpIaoUR4m9Yux7vgOeQ0jOCUk75nCCnM1AoW8CyzEcZ/qGt0/qyMmyAZL4JccEFKHMkLvhJ4Uy1SaWQ7k9HdwqNFQDCPDDQFsnSM8gIbshFgR7jqvFdYRzzsi7gcpIdqCi+kt2aZ/FqKAPJG4C+ifv2rPbMz9SbgSqhA6T/eawBy6C5xTkJD27eD1CqAjFTNyn0xkjMSxVjfXbn8lIsPT3/lSCu7gts3A3jLZJFuhWXVaW+gMiAEqOSE7XQVvpY0OeB+i6vTjlbKmvu40hZ440dVc/Q0Vh6JY1Fz8EkSq+WKJJy/ root@ubuntu-bionic
-----END SSH HOST KEY KEYS-----
[   21.805567] cloud-init[1489]: Cloud-init v. 19.4-33-gbb4131a2-0ubuntu1~18.04.1 running 'modules:final' at Fri, 22 May 2020 02:00:29 +0000. Up 21.55 seconds.
[   21.808084] cloud-init[1489]: ci-info: no authorized SSH keys fingerprints found for user ubuntu.
[   21.810049] cloud-init[1489]: Cloud-init v. 19.4-33-gbb4131a2-0ubuntu1~18.04.1 finished at Fri, 22 May 2020 02:00:29 +0000. Datasource DataSourceNoCloud [seed=/dev/sdb][dsmode=net].  Up 21.79 seconds
